c:\users\allen\documents\github\gamedev_platformer\gamedev_platformer\build\debug\obj\vc142.pdb
c:\users\allen\documents\github\gamedev_platformer\gamedev_platformer\build\debug\obj\vc142.idb
c:\users\allen\documents\github\gamedev_platformer\gamedev_platformer\build\debug\obj\pugixml.obj
c:\users\allen\documents\github\gamedev_platformer\gamedev_platformer\build\debug\obj\log.obj
c:\users\allen\documents\github\gamedev_platformer\gamedev_platformer\build\debug\obj\window.obj
c:\users\allen\documents\github\gamedev_platformer\gamedev_platformer\build\debug\obj\textures.obj
c:\users\allen\documents\github\gamedev_platformer\gamedev_platformer\build\debug\obj\render.obj
c:\users\allen\documents\github\gamedev_platformer\gamedev_platformer\build\debug\obj\scene.obj
c:\users\allen\documents\github\gamedev_platformer\gamedev_platformer\build\debug\obj\modulephysics.obj
c:\users\allen\documents\github\gamedev_platformer\gamedev_platformer\build\debug\obj\map.obj
c:\users\allen\documents\github\gamedev_platformer\gamedev_platformer\build\debug\obj\input.obj
c:\users\allen\documents\github\gamedev_platformer\gamedev_platformer\build\debug\obj\audio.obj
c:\users\allen\documents\github\gamedev_platformer\gamedev_platformer\build\debug\obj\app.obj
c:\users\allen\documents\github\gamedev_platformer\gamedev_platformer\build\debug\obj\main.obj
c:\users\allen\documents\github\gamedev_platformer\gamedev_platformer\build\debug\game.exe
c:\users\allen\documents\github\gamedev_platformer\gamedev_platformer\build\debug\game.ilk
c:\users\allen\documents\github\gamedev_platformer\gamedev_platformer\build\debug\game.pdb
c:\users\iván\documents\github\gamedev_platformer\gamedev_platformer\build\debug\obj\app.obj
c:\users\iván\documents\github\gamedev_platformer\gamedev_platformer\build\debug\obj\audio.obj
c:\users\iván\documents\github\gamedev_platformer\gamedev_platformer\build\debug\obj\input.obj
c:\users\iván\documents\github\gamedev_platformer\gamedev_platformer\build\debug\obj\log.obj
c:\users\iván\documents\github\gamedev_platformer\gamedev_platformer\build\debug\obj\main.obj
c:\users\iván\documents\github\gamedev_platformer\gamedev_platformer\build\debug\obj\map.obj
c:\users\iván\documents\github\gamedev_platformer\gamedev_platformer\build\debug\obj\modulephysics.obj
c:\users\iván\documents\github\gamedev_platformer\gamedev_platformer\build\debug\obj\pugixml.obj
c:\users\iván\documents\github\gamedev_platformer\gamedev_platformer\build\debug\obj\render.obj
c:\users\iván\documents\github\gamedev_platformer\gamedev_platformer\build\debug\obj\scene.obj
c:\users\iván\documents\github\gamedev_platformer\gamedev_platformer\build\debug\obj\textures.obj
c:\users\iván\documents\github\gamedev_platformer\gamedev_platformer\build\debug\obj\window.obj
c:\users\iván\documents\github\gamedev_platformer\gamedev_platformer\build\debug\obj\game.ilk
c:\users\iván\documents\github\gamedev_platformer\gamedev_platformer\build\debug\obj\vc142.idb
c:\users\iván\documents\github\gamedev_platformer\gamedev_platformer\build\debug\obj\vc142.pdb
c:\users\iván\documents\github\gamedev_platformer\gamedev_platformer\build\debug\game.pdb
c:\users\iván\documents\github\gamedev_platformer\gamedev_platformer\build\debug\game.exe
c:\users\iván\documents\github\gamedev_platformer\gamedev_platformer\build\debug\game.ilk
c:\users\iván\documents\github\gamedev_platformer\gamedev_platformer\build\debug\obj\game.tlog\cl.command.1.tlog
c:\users\iván\documents\github\gamedev_platformer\gamedev_platformer\build\debug\obj\game.tlog\cl.read.1.tlog
c:\users\iván\documents\github\gamedev_platformer\gamedev_platformer\build\debug\obj\game.tlog\cl.write.1.tlog
c:\users\iván\documents\github\gamedev_platformer\gamedev_platformer\build\debug\obj\game.tlog\link.command.1.tlog
c:\users\iván\documents\github\gamedev_platformer\gamedev_platformer\build\debug\obj\game.tlog\link.delete.1.tlog
c:\users\iván\documents\github\gamedev_platformer\gamedev_platformer\build\debug\obj\game.tlog\link.read.1.tlog
c:\users\iván\documents\github\gamedev_platformer\gamedev_platformer\build\debug\obj\game.tlog\link.write.1.tlog
