  FadeToBlack.cpp
C:\Users\allenbn\Documents\GitHub\GameDev_Platformer\GameDev_Platformer\Game\Source\Log.h(4,1): warning C4005: 'LOG': redefinición de macro
C:\Users\allenbn\Documents\GitHub\GameDev_Platformer\GameDev_Platformer\Game\Source\Globals.h(5): message : vea la definición anterior de 'LOG'
C:\Users\allenbn\Documents\GitHub\GameDev_Platformer\GameDev_Platformer\Game\Source\FadeToBlack.cpp(80,19): warning C4244: '=': conversión de 'float' a 'Uint32'; posible pérdida de datos
  GameOver.cpp
C:\Users\allenbn\Documents\GitHub\GameDev_Platformer\GameDev_Platformer\Game\Source\Animation.h(55,19): warning C4244: 'inicializando': conversión de 'float' a 'int'; posible pérdida de datos
C:\Users\allenbn\Documents\GitHub\GameDev_Platformer\GameDev_Platformer\Game\Source\Animation.h(57,30): warning C4244: '=': conversión de 'float' a 'int'; posible pérdida de datos
C:\Users\allenbn\Documents\GitHub\GameDev_Platformer\GameDev_Platformer\Game\Source\Log.h(4,1): warning C4005: 'LOG': redefinición de macro
C:\Users\allenbn\Documents\GitHub\GameDev_Platformer\GameDev_Platformer\Game\Source\Globals.h(5): message : vea la definición anterior de 'LOG'
  Intro.cpp
C:\Users\allenbn\Documents\GitHub\GameDev_Platformer\GameDev_Platformer\Game\Source\Animation.h(55,19): warning C4244: 'inicializando': conversión de 'float' a 'int'; posible pérdida de datos
C:\Users\allenbn\Documents\GitHub\GameDev_Platformer\GameDev_Platformer\Game\Source\Animation.h(57,30): warning C4244: '=': conversión de 'float' a 'int'; posible pérdida de datos
C:\Users\allenbn\Documents\GitHub\GameDev_Platformer\GameDev_Platformer\Game\Source\Log.h(4,1): warning C4005: 'LOG': redefinición de macro
C:\Users\allenbn\Documents\GitHub\GameDev_Platformer\GameDev_Platformer\Game\Source\Globals.h(5): message : vea la definición anterior de 'LOG'
  LevelManagement.cpp
C:\Users\allenbn\Documents\GitHub\GameDev_Platformer\GameDev_Platformer\Game\Source\Animation.h(55,19): warning C4244: 'inicializando': conversión de 'float' a 'int'; posible pérdida de datos
C:\Users\allenbn\Documents\GitHub\GameDev_Platformer\GameDev_Platformer\Game\Source\Animation.h(57,30): warning C4244: '=': conversión de 'float' a 'int'; posible pérdida de datos
C:\Users\allenbn\Documents\GitHub\GameDev_Platformer\GameDev_Platformer\Game\Source\Log.h(4,1): warning C4005: 'LOG': redefinición de macro
C:\Users\allenbn\Documents\GitHub\GameDev_Platformer\GameDev_Platformer\Game\Source\Globals.h(5): message : vea la definición anterior de 'LOG'
  Main.cpp
  App.cpp
C:\Users\allenbn\Documents\GitHub\GameDev_Platformer\GameDev_Platformer\Game\Source\Animation.h(55,19): warning C4244: 'inicializando': conversión de 'float' a 'int'; posible pérdida de datos
C:\Users\allenbn\Documents\GitHub\GameDev_Platformer\GameDev_Platformer\Game\Source\Animation.h(57,30): warning C4244: '=': conversión de 'float' a 'int'; posible pérdida de datos
C:\Users\allenbn\Documents\GitHub\GameDev_Platformer\GameDev_Platformer\Game\Source\Log.h(4,1): warning C4005: 'LOG': redefinición de macro
C:\Users\allenbn\Documents\GitHub\GameDev_Platformer\GameDev_Platformer\Game\Source\Globals.h(5): message : vea la definición anterior de 'LOG'
C:\Users\allenbn\Documents\GitHub\GameDev_Platformer\GameDev_Platformer\Game\Source\App.cpp(38,37): error C2027: uso del tipo 'Pathfinding' sin definir
C:\Users\allenbn\Documents\GitHub\GameDev_Platformer\GameDev_Platformer\Game\Source\App.h(28): message : vea la declaración de 'Pathfinding'
  Audio.cpp
  Input.cpp
C:\Users\allenbn\Documents\GitHub\GameDev_Platformer\GameDev_Platformer\Game\Source\Animation.h(55,19): warning C4244: 'inicializando': conversión de 'float' a 'int'; posible pérdida de datos
C:\Users\allenbn\Documents\GitHub\GameDev_Platformer\GameDev_Platformer\Game\Source\Animation.h(57,30): warning C4244: '=': conversión de 'float' a 'int'; posible pérdida de datos
C:\Users\allenbn\Documents\GitHub\GameDev_Platformer\GameDev_Platformer\Game\Source\Log.h(4,1): warning C4005: 'LOG': redefinición de macro
C:\Users\allenbn\Documents\GitHub\GameDev_Platformer\GameDev_Platformer\Game\Source\Globals.h(5): message : vea la definición anterior de 'LOG'
  Map.cpp
C:\Users\allenbn\Documents\GitHub\GameDev_Platformer\GameDev_Platformer\Game\Source\Animation.h(55,19): warning C4244: 'inicializando': conversión de 'float' a 'int'; posible pérdida de datos
C:\Users\allenbn\Documents\GitHub\GameDev_Platformer\GameDev_Platformer\Game\Source\Animation.h(57,30): warning C4244: '=': conversión de 'float' a 'int'; posible pérdida de datos
C:\Users\allenbn\Documents\GitHub\GameDev_Platformer\GameDev_Platformer\Game\Source\Log.h(4,1): warning C4005: 'LOG': redefinición de macro
C:\Users\allenbn\Documents\GitHub\GameDev_Platformer\GameDev_Platformer\Game\Source\Globals.h(5): message : vea la definición anterior de 'LOG'
C:\Users\allenbn\Documents\GitHub\GameDev_Platformer\GameDev_Platformer\Game\Source\Map.cpp(649,112): warning C4244: 'argumento': conversión de 'float' a 'int'; posible pérdida de datos
C:\Users\allenbn\Documents\GitHub\GameDev_Platformer\GameDev_Platformer\Game\Source\Map.cpp(649,77): warning C4244: 'argumento': conversión de 'float' a 'int'; posible pérdida de datos
C:\Users\allenbn\Documents\GitHub\GameDev_Platformer\GameDev_Platformer\Game\Source\Map.cpp(671,95): warning C4244: 'argumento': conversión de 'float' a 'int'; posible pérdida de datos
C:\Users\allenbn\Documents\GitHub\GameDev_Platformer\GameDev_Platformer\Game\Source\Map.cpp(671,58): warning C4244: 'argumento': conversión de 'float' a 'int'; posible pérdida de datos
C:\Users\allenbn\Documents\GitHub\GameDev_Platformer\GameDev_Platformer\Game\Source\Map.cpp(703,80): warning C4244: 'argumento': conversión de 'float' a 'int'; posible pérdida de datos
C:\Users\allenbn\Documents\GitHub\GameDev_Platformer\GameDev_Platformer\Game\Source\Map.cpp(703,60): warning C4244: 'argumento': conversión de 'float' a 'int'; posible pérdida de datos
C:\Users\allenbn\Documents\GitHub\GameDev_Platformer\GameDev_Platformer\Game\Source\Map.cpp(712,80): warning C4244: 'argumento': conversión de 'float' a 'int'; posible pérdida de datos
C:\Users\allenbn\Documents\GitHub\GameDev_Platformer\GameDev_Platformer\Game\Source\Map.cpp(712,60): warning C4244: 'argumento': conversión de 'float' a 'int'; posible pérdida de datos
C:\Users\allenbn\Documents\GitHub\GameDev_Platformer\GameDev_Platformer\Game\Source\Map.cpp(722,80): warning C4244: 'argumento': conversión de 'float' a 'int'; posible pérdida de datos
C:\Users\allenbn\Documents\GitHub\GameDev_Platformer\GameDev_Platformer\Game\Source\Map.cpp(722,60): warning C4244: 'argumento': conversión de 'float' a 'int'; posible pérdida de datos
  ModulePhysics.cpp
C:\Users\allenbn\Documents\GitHub\GameDev_Platformer\GameDev_Platformer\Game\Source\Animation.h(55,19): warning C4244: 'inicializando': conversión de 'float' a 'int'; posible pérdida de datos
C:\Users\allenbn\Documents\GitHub\GameDev_Platformer\GameDev_Platformer\Game\Source\Animation.h(57,30): warning C4244: '=': conversión de 'float' a 'int'; posible pérdida de datos
C:\Users\allenbn\Documents\GitHub\GameDev_Platformer\GameDev_Platformer\Game\Source\Log.h(4,1): warning C4005: 'LOG': redefinición de macro
C:\Users\allenbn\Documents\GitHub\GameDev_Platformer\GameDev_Platformer\Game\Source\Globals.h(5): message : vea la definición anterior de 'LOG'
C:\Users\allenbn\Documents\GitHub\GameDev_Platformer\GameDev_Platformer\Game\Source\ModulePhysics.cpp(168,23): warning C4244: '=': conversión de 'float' a 'int'; posible pérdida de datos
C:\Users\allenbn\Documents\GitHub\GameDev_Platformer\GameDev_Platformer\Game\Source\ModulePhysics.cpp(169,25): warning C4244: '=': conversión de 'float' a 'int'; posible pérdida de datos
C:\Users\allenbn\Documents\GitHub\GameDev_Platformer\GameDev_Platformer\Game\Source\ModulePhysics.cpp(215,21): warning C4018: '<': no coinciden signed/unsigned
C:\Users\allenbn\Documents\GitHub\GameDev_Platformer\GameDev_Platformer\Game\Source\ModulePhysics.cpp(266,44): warning C4305: '=': truncamiento de 'double' a 'float32'
C:\Users\allenbn\Documents\GitHub\GameDev_Platformer\GameDev_Platformer\Game\Source\ModulePhysics.cpp(296,167): warning C4244: 'argumento': conversión de 'float32' a 'Uint8'; posible pérdida de datos
C:\Users\allenbn\Documents\GitHub\GameDev_Platformer\GameDev_Platformer\Game\Source\ModulePhysics.cpp(296,148): warning C4244: 'argumento': conversión de 'float32' a 'Uint8'; posible pérdida de datos
C:\Users\allenbn\Documents\GitHub\GameDev_Platformer\GameDev_Platformer\Game\Source\ModulePhysics.cpp(296,129): warning C4244: 'argumento': conversión de 'float32' a 'Uint8'; posible pérdida de datos
C:\Users\allenbn\Documents\GitHub\GameDev_Platformer\GameDev_Platformer\Game\Source\ModulePhysics.cpp(312,180): warning C4244: 'argumento': conversión de 'float32' a 'Uint8'; posible pérdida de datos
C:\Users\allenbn\Documents\GitHub\GameDev_Platformer\GameDev_Platformer\Game\Source\ModulePhysics.cpp(312,161): warning C4244: 'argumento': conversión de 'float32' a 'Uint8'; posible pérdida de datos
C:\Users\allenbn\Documents\GitHub\GameDev_Platformer\GameDev_Platformer\Game\Source\ModulePhysics.cpp(312,142): warning C4244: 'argumento': conversión de 'float32' a 'Uint8'; posible pérdida de datos
C:\Users\allenbn\Documents\GitHub\GameDev_Platformer\GameDev_Platformer\Game\Source\ModulePhysics.cpp(318,178): warning C4244: 'argumento': conversión de 'float32' a 'Uint8'; posible pérdida de datos
C:\Users\allenbn\Documents\GitHub\GameDev_Platformer\GameDev_Platformer\Game\Source\ModulePhysics.cpp(318,159): warning C4244: 'argumento': conversión de 'float32' a 'Uint8'; posible pérdida de datos
C:\Users\allenbn\Documents\GitHub\GameDev_Platformer\GameDev_Platformer\Game\Source\ModulePhysics.cpp(318,140): warning C4244: 'argumento': conversión de 'float32' a 'Uint8'; posible pérdida de datos
C:\Users\allenbn\Documents\GitHub\GameDev_Platformer\GameDev_Platformer\Game\Source\ModulePhysics.cpp(332,180): warning C4244: 'argumento': conversión de 'float32' a 'Uint8'; posible pérdida de datos
C:\Users\allenbn\Documents\GitHub\GameDev_Platformer\GameDev_Platformer\Game\Source\ModulePhysics.cpp(332,161): warning C4244: 'argumento': conversión de 'float32' a 'Uint8'; posible pérdida de datos
C:\Users\allenbn\Documents\GitHub\GameDev_Platformer\GameDev_Platformer\Game\Source\ModulePhysics.cpp(332,142): warning C4244: 'argumento': conversión de 'float32' a 'Uint8'; posible pérdida de datos
C:\Users\allenbn\Documents\GitHub\GameDev_Platformer\GameDev_Platformer\Game\Source\ModulePhysics.cpp(337,178): warning C4244: 'argumento': conversión de 'float32' a 'Uint8'; posible pérdida de datos
C:\Users\allenbn\Documents\GitHub\GameDev_Platformer\GameDev_Platformer\Game\Source\ModulePhysics.cpp(337,159): warning C4244: 'argumento': conversión de 'float32' a 'Uint8'; posible pérdida de datos
C:\Users\allenbn\Documents\GitHub\GameDev_Platformer\GameDev_Platformer\Game\Source\ModulePhysics.cpp(337,140): warning C4244: 'argumento': conversión de 'float32' a 'Uint8'; posible pérdida de datos
C:\Users\allenbn\Documents\GitHub\GameDev_Platformer\GameDev_Platformer\Game\Source\ModulePhysics.cpp(349,176): warning C4244: 'argumento': conversión de 'float32' a 'Uint8'; posible pérdida de datos
C:\Users\allenbn\Documents\GitHub\GameDev_Platformer\GameDev_Platformer\Game\Source\ModulePhysics.cpp(349,157): warning C4244: 'argumento': conversión de 'float32' a 'Uint8'; posible pérdida de datos
C:\Users\allenbn\Documents\GitHub\GameDev_Platformer\GameDev_Platformer\Game\Source\ModulePhysics.cpp(349,138): warning C4244: 'argumento': conversión de 'float32' a 'Uint8'; posible pérdida de datos
C:\Users\allenbn\Documents\GitHub\GameDev_Platformer\GameDev_Platformer\Game\Source\ModulePhysics.cpp(430,13): warning C4244: 'inicializando': conversión de 'int' a 'float'; posible pérdida de datos
C:\Users\allenbn\Documents\GitHub\GameDev_Platformer\GameDev_Platformer\Game\Source\ModulePhysics.cpp(431,13): warning C4244: 'inicializando': conversión de 'int' a 'float'; posible pérdida de datos
C:\Users\allenbn\Documents\GitHub\GameDev_Platformer\GameDev_Platformer\Game\Source\ModulePhysics.cpp(437,27): warning C4244: 'return': conversión de 'float32' a 'int'; posible pérdida de datos
  Pathfinding.cpp
C:\Users\allenbn\Documents\GitHub\GameDev_Platformer\GameDev_Platformer\Game\Source\Pathfinding.cpp(127,5): error C2027: uso del tipo 'Pathfinding' sin definir
C:\Users\allenbn\Documents\GitHub\GameDev_Platformer\GameDev_Platformer\Game\Source\App.h(28): message : vea la declaración de 'Pathfinding'
C:\Users\allenbn\Documents\GitHub\GameDev_Platformer\GameDev_Platformer\Game\Source\Pathfinding.cpp(132,5): error C2027: uso del tipo 'Pathfinding' sin definir
C:\Users\allenbn\Documents\GitHub\GameDev_Platformer\GameDev_Platformer\Game\Source\App.h(28): message : vea la declaración de 'Pathfinding'
C:\Users\allenbn\Documents\GitHub\GameDev_Platformer\GameDev_Platformer\Game\Source\Pathfinding.cpp(137,5): error C2027: uso del tipo 'Pathfinding' sin definir
C:\Users\allenbn\Documents\GitHub\GameDev_Platformer\GameDev_Platformer\Game\Source\App.h(28): message : vea la declaración de 'Pathfinding'
C:\Users\allenbn\Documents\GitHub\GameDev_Platformer\GameDev_Platformer\Game\Source\Pathfinding.cpp(142,5): error C2027: uso del tipo 'Pathfinding' sin definir
C:\Users\allenbn\Documents\GitHub\GameDev_Platformer\GameDev_Platformer\Game\Source\App.h(28): message : vea la declaración de 'Pathfinding'
C:\Users\allenbn\Documents\GitHub\GameDev_Platformer\GameDev_Platformer\Game\Source\Pathfinding.cpp(185,12): error C2039: "Add": no es un miembro de "List<PathNode>"
C:\Users\allenbn\Documents\GitHub\GameDev_Platformer\GameDev_Platformer\Game\Source\PathFinding.h(104): message : vea la declaración de 'List<PathNode>'
C:\Users\allenbn\Documents\GitHub\GameDev_Platformer\GameDev_Platformer\Game\Source\Pathfinding.cpp(197,14): error C2039: "Add": no es un miembro de "List<PathNode>"
C:\Users\allenbn\Documents\GitHub\GameDev_Platformer\GameDev_Platformer\Game\Source\PathFinding.h(104): message : vea la declaración de 'List<PathNode>'
C:\Users\allenbn\Documents\GitHub\GameDev_Platformer\GameDev_Platformer\Game\Source\Pathfinding.cpp(198,13): error C2039: "Del": no es un miembro de "List<PathNode>"
C:\Users\allenbn\Documents\GitHub\GameDev_Platformer\GameDev_Platformer\Game\Source\PathFinding.h(104): message : vea la declaración de 'List<PathNode>'
C:\Users\allenbn\Documents\GitHub\GameDev_Platformer\GameDev_Platformer\Game\Source\Pathfinding.cpp(227,15): error C2039: "Add": no es un miembro de "List<PathNode>"
C:\Users\allenbn\Documents\GitHub\GameDev_Platformer\GameDev_Platformer\Game\Source\PathFinding.h(104): message : vea la declaración de 'List<PathNode>'
C:\Users\allenbn\Documents\GitHub\GameDev_Platformer\GameDev_Platformer\Game\Source\Pathfinding.cpp(234,18): error C2039: "Add": no es un miembro de "List<PathNode>"
C:\Users\allenbn\Documents\GitHub\GameDev_Platformer\GameDev_Platformer\Game\Source\PathFinding.h(104): message : vea la declaración de 'List<PathNode>'
  PerfTimer.cpp
  Player.cpp
C:\Users\allenbn\Documents\GitHub\GameDev_Platformer\GameDev_Platformer\Game\Source\Animation.h(55,19): warning C4244: 'inicializando': conversión de 'float' a 'int'; posible pérdida de datos
C:\Users\allenbn\Documents\GitHub\GameDev_Platformer\GameDev_Platformer\Game\Source\Animation.h(57,30): warning C4244: '=': conversión de 'float' a 'int'; posible pérdida de datos
C:\Users\allenbn\Documents\GitHub\GameDev_Platformer\GameDev_Platformer\Game\Source\Player.cpp(140,17): warning C4305: '=': truncamiento de 'double' a 'float'
C:\Users\allenbn\Documents\GitHub\GameDev_Platformer\GameDev_Platformer\Game\Source\Player.cpp(141,18): warning C4305: '=': truncamiento de 'double' a 'float'
C:\Users\allenbn\Documents\GitHub\GameDev_Platformer\GameDev_Platformer\Game\Source\Player.cpp(145,85): warning C4305: 'argumento': truncamiento de 'double' a 'float32'
C:\Users\allenbn\Documents\GitHub\GameDev_Platformer\GameDev_Platformer\Game\Source\Player.cpp(155,86): warning C4305: 'argumento': truncamiento de 'double' a 'float32'
  Render.cpp
C:\Users\allenbn\Documents\GitHub\GameDev_Platformer\GameDev_Platformer\Game\Source\Render.cpp(140,23): warning C4244: '=': conversión de 'float' a 'int'; posible pérdida de datos
C:\Users\allenbn\Documents\GitHub\GameDev_Platformer\GameDev_Platformer\Game\Source\Render.cpp(141,23): warning C4244: '=': conversión de 'float' a 'int'; posible pérdida de datos
  Scene1.cpp
C:\Users\allenbn\Documents\GitHub\GameDev_Platformer\GameDev_Platformer\Game\Source\Animation.h(55,19): warning C4244: 'inicializando': conversión de 'float' a 'int'; posible pérdida de datos
C:\Users\allenbn\Documents\GitHub\GameDev_Platformer\GameDev_Platformer\Game\Source\Animation.h(57,30): warning C4244: '=': conversión de 'float' a 'int'; posible pérdida de datos
C:\Users\allenbn\Documents\GitHub\GameDev_Platformer\GameDev_Platformer\Game\Source\Log.h(4,1): warning C4005: 'LOG': redefinición de macro
C:\Users\allenbn\Documents\GitHub\GameDev_Platformer\GameDev_Platformer\Game\Source\Globals.h(5): message : vea la definición anterior de 'LOG'
C:\Users\allenbn\Documents\GitHub\GameDev_Platformer\GameDev_Platformer\Game\Source\Scene1.cpp(115,26): warning C4101: 'ToRemove': variable local sin referencia
  Scene2.cpp
C:\Users\allenbn\Documents\GitHub\GameDev_Platformer\GameDev_Platformer\Game\Source\Animation.h(55,19): warning C4244: 'inicializando': conversión de 'float' a 'int'; posible pérdida de datos
C:\Users\allenbn\Documents\GitHub\GameDev_Platformer\GameDev_Platformer\Game\Source\Animation.h(57,30): warning C4244: '=': conversión de 'float' a 'int'; posible pérdida de datos
C:\Users\allenbn\Documents\GitHub\GameDev_Platformer\GameDev_Platformer\Game\Source\Log.h(4,1): warning C4005: 'LOG': redefinición de macro
C:\Users\allenbn\Documents\GitHub\GameDev_Platformer\GameDev_Platformer\Game\Source\Globals.h(5): message : vea la definición anterior de 'LOG'
  StartMenu.cpp
C:\Users\allenbn\Documents\GitHub\GameDev_Platformer\GameDev_Platformer\Game\Source\Animation.h(55,19): warning C4244: 'inicializando': conversión de 'float' a 'int'; posible pérdida de datos
C:\Users\allenbn\Documents\GitHub\GameDev_Platformer\GameDev_Platformer\Game\Source\Animation.h(57,30): warning C4244: '=': conversión de 'float' a 'int'; posible pérdida de datos
C:\Users\allenbn\Documents\GitHub\GameDev_Platformer\GameDev_Platformer\Game\Source\Log.h(4,1): warning C4005: 'LOG': redefinición de macro
C:\Users\allenbn\Documents\GitHub\GameDev_Platformer\GameDev_Platformer\Game\Source\Globals.h(5): message : vea la definición anterior de 'LOG'
  Textures.cpp
  Timer.cpp
  Window.cpp
  Generando código...
